
fusion_init()

fusion_opendir(path="/", fi=0x116b8bf0)

fusion_getattr(path="/.Trash", statbuf=0x11eb9bb0)
    fusion_fullpath:  rootdir = "/home/xiaobingo/cs495proj5/tmp", path = "/.Trash", fpath = "/home/xiaobingo/cs495proj5/tmp/.Trash"
    fusion_fullpath:  rootdir = "/home/xiaobingo/cs495proj5/tmp", path = "/", fpath = "/home/xiaobingo/cs495proj5/tmp/"
    flags = 0x00098800
    fh_old = 0x00000000
    writepage = 0
    direct_io = 0
    keep_cache = 0
    fh = 0x00007ffa04000b20
    lock_owner = 0x0000000000000000

 ===========DFZ debug: _getattr() /.Trash does not exist 


 ===========DFZ debug: _getattr() dirname = /.Trash/. 


 ===========DFZ debug: _getattr() new directory /home/xiaobingo/cs495proj5/tmp/.Trash/ created 

    st_dev = 2053
    st_ino = 787670
    st_mode = 040755
    st_nlink = 2
    st_uid = 1000
    st_gid = 1000
    st_rdev = 0
    st_size = 4096
    st_blksize = 4096
    st_blocks = 8
    st_atime = 0x50aeafd4
    st_mtime = 0x50aeafd4
    st_ctime = 0x50aeafd4

fusion_getattr(path="/.xdg-volume-info", statbuf=0x10eb7bb0)

fusion_getattr(path="/.Trash/1000", statbuf=0x116b8bb0)
    fusion_fullpath:  rootdir = "/home/xiaobingo/cs495proj5/tmp", path = "/.Trash/1000", fpath = "/home/xiaobingo/cs495proj5/tmp/.Trash/1000"
    fusion_fullpath:  rootdir = "/home/xiaobingo/cs495proj5/tmp", path = "/.xdg-volume-info", fpath = "/home/xiaobingo/cs495proj5/tmp/.xdg-volume-info"

 ===========DFZ debug: _getattr() /.Trash/1000 does not exist 


 ===========DFZ debug: _getattr() dirname = /.Trash/1000/. 


 ===========DFZ debug: _getattr() /.xdg-volume-info does not exist 


 ===========DFZ debug: _getattr() dirname = /.xdg-volume-info/. 


 ===========DFZ debug: _getattr() new directory /home/xiaobingo/cs495proj5/tmp/.Trash/1000/ created 

    ERROR fusion_getattr lstat: No such file or directory
    st_dev = 0
    st_ino = 0
    st_mode = 00
    st_nlink = 0
    st_uid = 0
    st_gid = 0
    st_rdev = 0
    st_size = 0
    st_blksize = 0
    st_blocks = 0
    st_atime = 0x00000000
    st_mtime = 0x00000000
    st_ctime = 0x00000000

 ===========DFZ debug: _getattr() new directory /home/xiaobingo/cs495proj5/tmp/.xdg-volume-info/ created 

    ERROR fusion_getattr lstat: No such file or directory
    st_dev = 0
    st_ino = 0
    st_mode = 00
    st_nlink = 0
    st_uid = 0
    st_gid = 0
    st_rdev = 0
    st_size = 0
    st_blksize = 0
    st_blocks = 0
    st_atime = 0x00000000
    st_mtime = 0x00000000
    st_ctime = 0x00000000

fusion_getattr(path="/autorun.inf", statbuf=0x11eb9bb0)
    fusion_fullpath:  rootdir = "/home/xiaobingo/cs495proj5/tmp", path = "/autorun.inf", fpath = "/home/xiaobingo/cs495proj5/tmp/autorun.inf"

 ===========DFZ debug: _getattr() /autorun.inf does not exist 


 ===========DFZ debug: _getattr() dirname = /autorun.inf/. 


 ===========DFZ debug: _getattr() new directory /home/xiaobingo/cs495proj5/tmp/autorun.inf/ created 

    ERROR fusion_getattr lstat: No such file or directory
    st_dev = 0
    st_ino = 0
    st_mode = 00
    st_nlink = 0
    st_uid = 0
    st_gid = 0
    st_rdev = 0
    st_size = 0
    st_blksize = 0
    st_blocks = 0
    st_atime = 0x00000000
    st_mtime = 0x00000000
    st_ctime = 0x00000000

fusion_readdir(path="/", buf=0x04000990, filler=0x131e94b0, offset=0, fi=0x116b8bf0)
    fusion_fullpath:  rootdir = "/home/xiaobingo/cs495proj5/tmp", path = "/", fpath = "/home/xiaobingo/cs495proj5/tmp/"

 ===========DFZ debug: fusion_readdir() filelist =  . 

    flags = 0x00000000
    fh_old = 0x7ffa04000b20
    writepage = 0
    direct_io = 0
    keep_cache = 0
    fh = 0x00007ffa04000b20
    lock_owner = 0x0000000000000000

fusion_getattr(path="/.Trash-1000", statbuf=0x11eb9bb0)
    fusion_fullpath:  rootdir = "/home/xiaobingo/cs495proj5/tmp", path = "/.Trash-1000", fpath = "/home/xiaobingo/cs495proj5/tmp/.Trash-1000"

fusion_releasedir(path="/", fi=0x10eb7c00)
    flags = 0x00000000
    fh_old = 0x7ffa04000b20
    writepage = 0
    direct_io = 0
    keep_cache = 0
    fh = 0x00007ffa04000b20
    lock_owner = 0x0000000000000000

fusion_opendir(path="/", fi=0x116b8bf0)
    fusion_fullpath:  rootdir = "/home/xiaobingo/cs495proj5/tmp", path = "/", fpath = "/home/xiaobingo/cs495proj5/tmp/"

 ===========DFZ debug: _getattr() /.Trash-1000 does not exist 


 ===========DFZ debug: _getattr() dirname = /.Trash-1000/. 

    flags = 0x00098800
    fh_old = 0x00000000
    writepage = 0
    direct_io = 0
    keep_cache = 0
    fh = 0x00007ffa04000a90
    lock_owner = 0x0000000000000000

 ===========DFZ debug: _getattr() new directory /home/xiaobingo/cs495proj5/tmp/.Trash-1000/ created 

    st_dev = 2053
    st_ino = 788494
    st_mode = 040700
    st_nlink = 3
    st_uid = 1000
    st_gid = 1000
    st_rdev = 0
    st_size = 4096
    st_blksize = 4096
    st_blocks = 8
    st_atime = 0x50aeba9a
    st_mtime = 0x50aeba9a
    st_ctime = 0x50aeba9a

fusion_readdir(path="/", buf=0x04000a10, filler=0x131e94b0, offset=0, fi=0x03ffebf0)
    fusion_fullpath:  rootdir = "/home/xiaobingo/cs495proj5/tmp", path = "/", fpath = "/home/xiaobingo/cs495proj5/tmp/"

fusion_getattr(path="/.Trash-1000/files", statbuf=0x10eb7bb0)
    fusion_fullpath:  rootdir = "/home/xiaobingo/cs495proj5/tmp", path = "/.Trash-1000/files", fpath = "/home/xiaobingo/cs495proj5/tmp/.Trash-1000/files"

 ===========DFZ debug: fusion_readdir() filelist =  . 


 ===========DFZ debug: _getattr() /.Trash-1000/files does not exist 


 ===========DFZ debug: _getattr() dirname = /.Trash-1000/files/. 


 ===========DFZ debug: _getattr() new directory /home/xiaobingo/cs495proj5/tmp/.Trash-1000/files/ created 

    ERROR fusion_getattr lstat: No such file or directory
    st_dev = 0
    st_ino = 0
    st_mode = 00
    st_nlink = 0
    st_uid = 0
    st_gid = 0
    st_rdev = 0
    st_size = 0
    st_blksize = 0
    st_blocks = 0
    st_atime = 0x00000000
    st_mtime = 0x00000000
    st_ctime = 0x00000000
    flags = 0x00000000
    fh_old = 0x7ffa04000a90
    writepage = 0
    direct_io = 0
    keep_cache = 0
    fh = 0x00007ffa04000a90
    lock_owner = 0x0000000000000000

fusion_releasedir(path="/", fi=0x116b8c00)
    flags = 0x00000000
    fh_old = 0x7ffa04000a90
    writepage = 0
    direct_io = 0
    keep_cache = 0
    fh = 0x00007ffa04000a90
    lock_owner = 0x0000000000000000

fusion_opendir(path="/", fi=0x11eb9bf0)
    fusion_fullpath:  rootdir = "/home/xiaobingo/cs495proj5/tmp", path = "/", fpath = "/home/xiaobingo/cs495proj5/tmp/"
    flags = 0x00098800
    fh_old = 0x00000000
    writepage = 0
    direct_io = 0
    keep_cache = 0
    fh = 0x00007ffa0c0010f0
    lock_owner = 0x0000000000000000

fusion_readdir(path="/", buf=0x0c000cc0, filler=0x131e94b0, offset=0, fi=0x10eb7bf0)
    fusion_fullpath:  rootdir = "/home/xiaobingo/cs495proj5/tmp", path = "/", fpath = "/home/xiaobingo/cs495proj5/tmp/"

 ===========DFZ debug: fusion_readdir() filelist =  . 

    flags = 0x00000000
    fh_old = 0x7ffa0c0010f0
    writepage = 0
    direct_io = 0
    keep_cache = 0
    fh = 0x00007ffa0c0010f0
    lock_owner = 0x0000000000000000

fusion_releasedir(path="/", fi=0x03ffec00)
    flags = 0x00000000
    fh_old = 0x7ffa0c0010f0
    writepage = 0
    direct_io = 0
    keep_cache = 0
    fh = 0x00007ffa0c0010f0
    lock_owner = 0x0000000000000000

fusion_opendir(path="/", fi=0x03ffebf0)
    fusion_fullpath:  rootdir = "/home/xiaobingo/cs495proj5/tmp", path = "/", fpath = "/home/xiaobingo/cs495proj5/tmp/"
    flags = 0x00098800
    fh_old = 0x00000000
    writepage = 0
    direct_io = 0
    keep_cache = 0
    fh = 0x00007ff9fc000d80
    lock_owner = 0x0000000000000000

fusion_readdir(path="/", buf=0xfc000990, filler=0x131e94b0, offset=0, fi=0x116b8bf0)
    fusion_fullpath:  rootdir = "/home/xiaobingo/cs495proj5/tmp", path = "/", fpath = "/home/xiaobingo/cs495proj5/tmp/"

 ===========DFZ debug: fusion_readdir() filelist =  . 

    flags = 0x00000000
    fh_old = 0x7ff9fc000d80
    writepage = 0
    direct_io = 0
    keep_cache = 0
    fh = 0x00007ff9fc000d80
    lock_owner = 0x0000000000000000

fusion_releasedir(path="/", fi=0x11eb9c00)
    flags = 0x00000000
    fh_old = 0x7ff9fc000d80
    writepage = 0
    direct_io = 0
    keep_cache = 0
    fh = 0x00007ff9fc000d80
    lock_owner = 0x0000000000000000

fusion_opendir(path="/", fi=0x10eb7bf0)
    fusion_fullpath:  rootdir = "/home/xiaobingo/cs495proj5/tmp", path = "/", fpath = "/home/xiaobingo/cs495proj5/tmp/"
    flags = 0x00098800
    fh_old = 0x00000000
    writepage = 0
    direct_io = 0
    keep_cache = 0
    fh = 0x00007ffa08000ec0
    lock_owner = 0x0000000000000000

fusion_readdir(path="/", buf=0x08000990, filler=0x131e94b0, offset=0, fi=0x03ffebf0)
    fusion_fullpath:  rootdir = "/home/xiaobingo/cs495proj5/tmp", path = "/", fpath = "/home/xiaobingo/cs495proj5/tmp/"

 ===========DFZ debug: fusion_readdir() filelist =  . 

    flags = 0x00000000
    fh_old = 0x7ffa08000ec0
    writepage = 0
    direct_io = 0
    keep_cache = 0
    fh = 0x00007ffa08000ec0
    lock_owner = 0x0000000000000000

fusion_releasedir(path="/", fi=0x116b8c00)
    flags = 0x00000000
    fh_old = 0x7ffa08000ec0
    writepage = 0
    direct_io = 0
    keep_cache = 0

fusion_opendir(path="/", fi=0x11eb9bf0)
    fusion_fullpath:  rootdir = "/home/xiaobingo/cs495proj5/tmp", path = "/", fpath = "/home/xiaobingo/cs495proj5/tmp/"
    fh = 0x00007ffa08000ec0
    lock_owner = 0x0000000000000000
    flags = 0x00098800
    fh_old = 0x00000000
    writepage = 0
    direct_io = 0
    keep_cache = 0
    fh = 0x00007ffa0c000e50
    lock_owner = 0x0000000000000000

fusion_readdir(path="/", buf=0x0c000cc0, filler=0x131e94b0, offset=0, fi=0x10eb7bf0)
    fusion_fullpath:  rootdir = "/home/xiaobingo/cs495proj5/tmp", path = "/", fpath = "/home/xiaobingo/cs495proj5/tmp/"

 ===========DFZ debug: fusion_readdir() filelist =  . 

    flags = 0x00000000
    fh_old = 0x7ffa0c000e50
    writepage = 0
    direct_io = 0
    keep_cache = 0
    fh = 0x00007ffa0c000e50
    lock_owner = 0x0000000000000000

fusion_releasedir(path="/", fi=0x03ffec00)
    flags = 0x00000000
    fh_old = 0x7ffa0c000e50
    writepage = 0
    direct_io = 0
    keep_cache = 0
    fh = 0x00007ffa0c000e50
    lock_owner = 0x0000000000000000

fusion_opendir(path="/", fi=0x116b8bf0)
    fusion_fullpath:  rootdir = "/home/xiaobingo/cs495proj5/tmp", path = "/", fpath = "/home/xiaobingo/cs495proj5/tmp/"
    flags = 0x00098800
    fh_old = 0x00000000
    writepage = 0
    direct_io = 0
    keep_cache = 0
    fh = 0x00007ffa04000ba0
    lock_owner = 0x0000000000000000

fusion_readdir(path="/", buf=0x04000a10, filler=0x131e94b0, offset=0, fi=0x11eb9bf0)
    fusion_fullpath:  rootdir = "/home/xiaobingo/cs495proj5/tmp", path = "/", fpath = "/home/xiaobingo/cs495proj5/tmp/"

 ===========DFZ debug: fusion_readdir() filelist =  . 

    flags = 0x00000000
    fh_old = 0x7ffa04000ba0
    writepage = 0
    direct_io = 0
    keep_cache = 0
    fh = 0x00007ffa04000ba0
    lock_owner = 0x0000000000000000

fusion_releasedir(path="/", fi=0x10eb7c00)
    flags = 0x00000000
    fh_old = 0x7ffa04000ba0
    writepage = 0
    direct_io = 0
    keep_cache = 0
    fh = 0x00007ffa04000ba0
    lock_owner = 0x0000000000000000

fusion_opendir(path="/", fi=0x03ffebf0)
    fusion_fullpath:  rootdir = "/home/xiaobingo/cs495proj5/tmp", path = "/", fpath = "/home/xiaobingo/cs495proj5/tmp/"
    flags = 0x00098800
    fh_old = 0x00000000
    writepage = 0
    direct_io = 0
    keep_cache = 0
    fh = 0x00007ff9fc000b20
    lock_owner = 0x0000000000000000

fusion_readdir(path="/", buf=0xfc000990, filler=0x131e94b0, offset=0, fi=0x116b8bf0)
    fusion_fullpath:  rootdir = "/home/xiaobingo/cs495proj5/tmp", path = "/", fpath = "/home/xiaobingo/cs495proj5/tmp/"

 ===========DFZ debug: fusion_readdir() filelist =  . 

    flags = 0x00000000
    fh_old = 0x7ff9fc000b20
    writepage = 0
    direct_io = 0
    keep_cache = 0
    fh = 0x00007ff9fc000b20
    lock_owner = 0x0000000000000000

fusion_releasedir(path="/", fi=0x11eb9c00)
    flags = 0x00000000
    fh_old = 0x7ff9fc000b20
    writepage = 0
    direct_io = 0
    keep_cache = 0
    fh = 0x00007ff9fc000b20
    lock_owner = 0x0000000000000000

fusion_opendir(path="/", fi=0x10eb7bf0)
    fusion_fullpath:  rootdir = "/home/xiaobingo/cs495proj5/tmp", path = "/", fpath = "/home/xiaobingo/cs495proj5/tmp/"
    flags = 0x00098800
    fh_old = 0x00000000
    writepage = 0
    direct_io = 0
    keep_cache = 0
    fh = 0x00007ffa08000b20
    lock_owner = 0x0000000000000000

fusion_readdir(path="/", buf=0x08000990, filler=0x131e94b0, offset=0, fi=0x03ffebf0)
    fusion_fullpath:  rootdir = "/home/xiaobingo/cs495proj5/tmp", path = "/", fpath = "/home/xiaobingo/cs495proj5/tmp/"

 ===========DFZ debug: fusion_readdir() filelist =  . 

    flags = 0x00000000
    fh_old = 0x7ffa08000b20
    writepage = 0
    direct_io = 0
    keep_cache = 0
    fh = 0x00007ffa08000b20
    lock_owner = 0x0000000000000000

fusion_releasedir(path="/", fi=0x116b8c00)
    flags = 0x00000000
    fh_old = 0x7ffa08000b20
    writepage = 0
    direct_io = 0
    keep_cache = 0
    fh = 0x00007ffa08000b20
    lock_owner = 0x0000000000000000

fusion_opendir(path="/", fi=0x11eb9bf0)
    fusion_fullpath:  rootdir = "/home/xiaobingo/cs495proj5/tmp", path = "/", fpath = "/home/xiaobingo/cs495proj5/tmp/"
    flags = 0x00098800
    fh_old = 0x00000000
    writepage = 0
    direct_io = 0
    keep_cache = 0
    fh = 0x00007ffa0c000e50
    lock_owner = 0x0000000000000000

fusion_readdir(path="/", buf=0x0c000cc0, filler=0x131e94b0, offset=0, fi=0x10eb7bf0)
    fusion_fullpath:  rootdir = "/home/xiaobingo/cs495proj5/tmp", path = "/", fpath = "/home/xiaobingo/cs495proj5/tmp/"

 ===========DFZ debug: fusion_readdir() filelist =  . 

    flags = 0x00000000
    fh_old = 0x7ffa0c000e50
    writepage = 0
    direct_io = 0
    keep_cache = 0
    fh = 0x00007ffa0c000e50
    lock_owner = 0x0000000000000000

fusion_releasedir(path="/", fi=0x03ffec00)
    flags = 0x00000000
    fh_old = 0x7ffa0c000e50
    writepage = 0
    direct_io = 0
    keep_cache = 0

fusion_opendir(path="/", fi=0x116b8bf0)
    fusion_fullpath:  rootdir = "/home/xiaobingo/cs495proj5/tmp", path = "/", fpath = "/home/xiaobingo/cs495proj5/tmp/"
    fh = 0x00007ffa0c000e50
    lock_owner = 0x0000000000000000
    flags = 0x00098800
    fh_old = 0x00000000
    writepage = 0
    direct_io = 0
    keep_cache = 0
    fh = 0x00007ffa04000ba0
    lock_owner = 0x0000000000000000

fusion_readdir(path="/", buf=0x04000a10, filler=0x131e94b0, offset=0, fi=0x11eb9bf0)
    fusion_fullpath:  rootdir = "/home/xiaobingo/cs495proj5/tmp", path = "/", fpath = "/home/xiaobingo/cs495proj5/tmp/"

 ===========DFZ debug: fusion_readdir() filelist =  . 

    flags = 0x00000000
    fh_old = 0x7ffa04000ba0
    writepage = 0
    direct_io = 0
    keep_cache = 0
    fh = 0x00007ffa04000ba0
    lock_owner = 0x0000000000000000

fusion_releasedir(path="/", fi=0x10eb7c00)
    flags = 0x00000000
    fh_old = 0x7ffa04000ba0
    writepage = 0
    direct_io = 0
    keep_cache = 0
    fh = 0x00007ffa04000ba0
    lock_owner = 0x0000000000000000

fusion_opendir(path="/", fi=0x03ffebf0)
    fusion_fullpath:  rootdir = "/home/xiaobingo/cs495proj5/tmp", path = "/", fpath = "/home/xiaobingo/cs495proj5/tmp/"
    flags = 0x00098800
    fh_old = 0x00000000
    writepage = 0
    direct_io = 0
    keep_cache = 0
    fh = 0x00007ff9fc000b20
    lock_owner = 0x0000000000000000

fusion_readdir(path="/", buf=0xfc000990, filler=0x131e94b0, offset=0, fi=0x116b8bf0)
    fusion_fullpath:  rootdir = "/home/xiaobingo/cs495proj5/tmp", path = "/", fpath = "/home/xiaobingo/cs495proj5/tmp/"

 ===========DFZ debug: fusion_readdir() filelist =  . 

    flags = 0x00000000
    fh_old = 0x7ff9fc000b20
    writepage = 0
    direct_io = 0
    keep_cache = 0
    fh = 0x00007ff9fc000b20
    lock_owner = 0x0000000000000000

fusion_releasedir(path="/", fi=0x11eb9c00)
    flags = 0x00000000
    fh_old = 0x7ff9fc000b20
    writepage = 0
    direct_io = 0
    keep_cache = 0

fusion_opendir(path="/", fi=0x10eb7bf0)
    fusion_fullpath:  rootdir = "/home/xiaobingo/cs495proj5/tmp", path = "/", fpath = "/home/xiaobingo/cs495proj5/tmp/"
    fh = 0x00007ff9fc000b20
    lock_owner = 0x0000000000000000
    flags = 0x00098800
    fh_old = 0x00000000
    writepage = 0
    direct_io = 0
    keep_cache = 0
    fh = 0x00007ffa08000b20
    lock_owner = 0x0000000000000000

fusion_readdir(path="/", buf=0x08000990, filler=0x131e94b0, offset=0, fi=0x03ffebf0)
    fusion_fullpath:  rootdir = "/home/xiaobingo/cs495proj5/tmp", path = "/", fpath = "/home/xiaobingo/cs495proj5/tmp/"

 ===========DFZ debug: fusion_readdir() filelist =  . 

    flags = 0x00000000
    fh_old = 0x7ffa08000b20
    writepage = 0
    direct_io = 0
    keep_cache = 0
    fh = 0x00007ffa08000b20
    lock_owner = 0x0000000000000000

fusion_releasedir(path="/", fi=0x116b8c00)
    flags = 0x00000000

fusion_opendir(path="/", fi=0x11eb9bf0)
    fusion_fullpath:  rootdir = "/home/xiaobingo/cs495proj5/tmp", path = "/", fpath = "/home/xiaobingo/cs495proj5/tmp/"
    fh_old = 0x7ffa08000b20
    writepage = 0
    direct_io = 0
    keep_cache = 0
    fh = 0x00007ffa08000b20
    lock_owner = 0x0000000000000000
    flags = 0x00098800
    fh_old = 0x00000000
    writepage = 0
    direct_io = 0
    keep_cache = 0
    fh = 0x00007ffa0c000e50
    lock_owner = 0x0000000000000000

fusion_readdir(path="/", buf=0x0c000cc0, filler=0x131e94b0, offset=0, fi=0x10eb7bf0)
    fusion_fullpath:  rootdir = "/home/xiaobingo/cs495proj5/tmp", path = "/", fpath = "/home/xiaobingo/cs495proj5/tmp/"

 ===========DFZ debug: fusion_readdir() filelist =  . 

    flags = 0x00000000
    fh_old = 0x7ffa0c000e50
    writepage = 0
    direct_io = 0
    keep_cache = 0
    fh = 0x00007ffa0c000e50
    lock_owner = 0x0000000000000000

fusion_releasedir(path="/", fi=0x03ffec00)
    flags = 0x00000000

fusion_opendir(path="/", fi=0x116b8bf0)
    fusion_fullpath:  rootdir = "/home/xiaobingo/cs495proj5/tmp", path = "/", fpath = "/home/xiaobingo/cs495proj5/tmp/"
    fh_old = 0x7ffa0c000e50
    writepage = 0
    direct_io = 0
    keep_cache = 0
    fh = 0x00007ffa0c000e50
    lock_owner = 0x0000000000000000
    flags = 0x00098800
    fh_old = 0x00000000
    writepage = 0
    direct_io = 0
    keep_cache = 0
    fh = 0x00007ffa04000ba0
    lock_owner = 0x0000000000000000

fusion_readdir(path="/", buf=0x04000a10, filler=0x131e94b0, offset=0, fi=0x11eb9bf0)
    fusion_fullpath:  rootdir = "/home/xiaobingo/cs495proj5/tmp", path = "/", fpath = "/home/xiaobingo/cs495proj5/tmp/"

 ===========DFZ debug: fusion_readdir() filelist =  . 

    flags = 0x00000000
    fh_old = 0x7ffa04000ba0
    writepage = 0
    direct_io = 0
    keep_cache = 0
    fh = 0x00007ffa04000ba0
    lock_owner = 0x0000000000000000

fusion_releasedir(path="/", fi=0x10eb7c00)
    flags = 0x00000000
    fh_old = 0x7ffa04000ba0
    writepage = 0
    direct_io = 0
    keep_cache = 0
    fh = 0x00007ffa04000ba0
    lock_owner = 0x0000000000000000

fusion_opendir(path="/", fi=0x03ffebf0)
    fusion_fullpath:  rootdir = "/home/xiaobingo/cs495proj5/tmp", path = "/", fpath = "/home/xiaobingo/cs495proj5/tmp/"
    flags = 0x00098800
    fh_old = 0x00000000
    writepage = 0
    direct_io = 0
    keep_cache = 0
    fh = 0x00007ff9fc000b20
    lock_owner = 0x0000000000000000

fusion_readdir(path="/", buf=0xfc000990, filler=0x131e94b0, offset=0, fi=0x116b8bf0)
    fusion_fullpath:  rootdir = "/home/xiaobingo/cs495proj5/tmp", path = "/", fpath = "/home/xiaobingo/cs495proj5/tmp/"

 ===========DFZ debug: fusion_readdir() filelist =  . 

    flags = 0x00000000
    fh_old = 0x7ff9fc000b20
    writepage = 0
    direct_io = 0
    keep_cache = 0
    fh = 0x00007ff9fc000b20
    lock_owner = 0x0000000000000000

fusion_releasedir(path="/", fi=0x11eb9c00)
    flags = 0x00000000
    fh_old = 0x7ff9fc000b20
    writepage = 0
    direct_io = 0
    keep_cache = 0
    fh = 0x00007ff9fc000b20
    lock_owner = 0x0000000000000000

fusion_opendir(path="/", fi=0x10eb7bf0)
    fusion_fullpath:  rootdir = "/home/xiaobingo/cs495proj5/tmp", path = "/", fpath = "/home/xiaobingo/cs495proj5/tmp/"
    flags = 0x00098800
    fh_old = 0x00000000
    writepage = 0
    direct_io = 0
    keep_cache = 0
    fh = 0x00007ffa08000b20
    lock_owner = 0x0000000000000000

fusion_readdir(path="/", buf=0x08000990, filler=0x131e94b0, offset=0, fi=0x03ffebf0)
    fusion_fullpath:  rootdir = "/home/xiaobingo/cs495proj5/tmp", path = "/", fpath = "/home/xiaobingo/cs495proj5/tmp/"

 ===========DFZ debug: fusion_readdir() filelist =  . 

    flags = 0x00000000
    fh_old = 0x7ffa08000b20
    writepage = 0
    direct_io = 0
    keep_cache = 0
    fh = 0x00007ffa08000b20
    lock_owner = 0x0000000000000000

fusion_releasedir(path="/", fi=0x116b8c00)
    flags = 0x00000000
    fh_old = 0x7ffa08000b20
    writepage = 0
    direct_io = 0
    keep_cache = 0
    fh = 0x00007ffa08000b20
    lock_owner = 0x0000000000000000

fusion_opendir(path="/", fi=0x11eb9bf0)
    fusion_fullpath:  rootdir = "/home/xiaobingo/cs495proj5/tmp", path = "/", fpath = "/home/xiaobingo/cs495proj5/tmp/"
    flags = 0x00098800
    fh_old = 0x00000000
    writepage = 0
    direct_io = 0
    keep_cache = 0
    fh = 0x00007ffa0c000e50
    lock_owner = 0x0000000000000000

fusion_readdir(path="/", buf=0x0c000cc0, filler=0x131e94b0, offset=0, fi=0x10eb7bf0)
    fusion_fullpath:  rootdir = "/home/xiaobingo/cs495proj5/tmp", path = "/", fpath = "/home/xiaobingo/cs495proj5/tmp/"

 ===========DFZ debug: fusion_readdir() filelist =  . 

    flags = 0x00000000
    fh_old = 0x7ffa0c000e50
    writepage = 0
    direct_io = 0
    keep_cache = 0
    fh = 0x00007ffa0c000e50
    lock_owner = 0x0000000000000000

fusion_releasedir(path="/", fi=0x03ffec00)
    flags = 0x00000000
    fh_old = 0x7ffa0c000e50
    writepage = 0
    direct_io = 0
    keep_cache = 0
    fh = 0x00007ffa0c000e50
    lock_owner = 0x0000000000000000

fusion_opendir(path="/", fi=0x116b8bf0)
    fusion_fullpath:  rootdir = "/home/xiaobingo/cs495proj5/tmp", path = "/", fpath = "/home/xiaobingo/cs495proj5/tmp/"
    flags = 0x00098800
    fh_old = 0x00000000
    writepage = 0
    direct_io = 0
    keep_cache = 0
    fh = 0x00007ffa04000ba0
    lock_owner = 0x0000000000000000

fusion_readdir(path="/", buf=0x04000a10, filler=0x131e94b0, offset=0, fi=0x11eb9bf0)
    fusion_fullpath:  rootdir = "/home/xiaobingo/cs495proj5/tmp", path = "/", fpath = "/home/xiaobingo/cs495proj5/tmp/"

 ===========DFZ debug: fusion_readdir() filelist =  . 

    flags = 0x00000000
    fh_old = 0x7ffa04000ba0
    writepage = 0
    direct_io = 0
    keep_cache = 0
    fh = 0x00007ffa04000ba0
    lock_owner = 0x0000000000000000

fusion_releasedir(path="/", fi=0x10eb7c00)
    flags = 0x00000000
    fh_old = 0x7ffa04000ba0
    writepage = 0
    direct_io = 0
    keep_cache = 0
    fh = 0x00007ffa04000ba0
    lock_owner = 0x0000000000000000

fusion_opendir(path="/", fi=0x03ffebf0)
    fusion_fullpath:  rootdir = "/home/xiaobingo/cs495proj5/tmp", path = "/", fpath = "/home/xiaobingo/cs495proj5/tmp/"
    flags = 0x00098800
    fh_old = 0x00000000
    writepage = 0
    direct_io = 0
    keep_cache = 0
    fh = 0x00007ff9fc000b20
    lock_owner = 0x0000000000000000

fusion_readdir(path="/", buf=0xfc000990, filler=0x131e94b0, offset=0, fi=0x116b8bf0)
    fusion_fullpath:  rootdir = "/home/xiaobingo/cs495proj5/tmp", path = "/", fpath = "/home/xiaobingo/cs495proj5/tmp/"

 ===========DFZ debug: fusion_readdir() filelist =  . 

    flags = 0x00000000
    fh_old = 0x7ff9fc000b20
    writepage = 0
    direct_io = 0
    keep_cache = 0
    fh = 0x00007ff9fc000b20
    lock_owner = 0x0000000000000000

fusion_releasedir(path="/", fi=0x11eb9c00)
    flags = 0x00000000
    fh_old = 0x7ff9fc000b20
    writepage = 0
    direct_io = 0
    keep_cache = 0
    fh = 0x00007ff9fc000b20
    lock_owner = 0x0000000000000000

fusion_opendir(path="/", fi=0x10eb7bf0)
    fusion_fullpath:  rootdir = "/home/xiaobingo/cs495proj5/tmp", path = "/", fpath = "/home/xiaobingo/cs495proj5/tmp/"
    flags = 0x00098800
    fh_old = 0x00000000
    writepage = 0
    direct_io = 0
    keep_cache = 0
    fh = 0x00007ffa08000b20
    lock_owner = 0x0000000000000000

fusion_readdir(path="/", buf=0x08000990, filler=0x131e94b0, offset=0, fi=0x03ffebf0)
    fusion_fullpath:  rootdir = "/home/xiaobingo/cs495proj5/tmp", path = "/", fpath = "/home/xiaobingo/cs495proj5/tmp/"

 ===========DFZ debug: fusion_readdir() filelist =  . 

    flags = 0x00000000
    fh_old = 0x7ffa08000b20
    writepage = 0
    direct_io = 0
    keep_cache = 0
    fh = 0x00007ffa08000b20
    lock_owner = 0x0000000000000000

fusion_getattr(path="/.hidden", statbuf=0x116b8bb0)
    fusion_fullpath:  rootdir = "/home/xiaobingo/cs495proj5/tmp", path = "/.hidden", fpath = "/home/xiaobingo/cs495proj5/tmp/.hidden"

fusion_releasedir(path="/", fi=0x11eb9c00)
    flags = 0x00000000
    fh_old = 0x7ffa08000b20
    writepage = 0
    direct_io = 0
    keep_cache = 0
    fh = 0x00007ffa08000b20
    lock_owner = 0x0000000000000000

 ===========DFZ debug: _getattr() /.hidden does not exist 


 ===========DFZ debug: _getattr() dirname = /.hidden/. 


 ===========DFZ debug: _getattr() new directory /home/xiaobingo/cs495proj5/tmp/.hidden/ created 

    ERROR fusion_getattr lstat: No such file or directory
    st_dev = 0
    st_ino = 0
    st_mode = 00
    st_nlink = 0
    st_uid = 0
    st_gid = 0
    st_rdev = 0
    st_size = 0
    st_blksize = 0
    st_blocks = 0
    st_atime = 0x00000000
    st_mtime = 0x00000000
    st_ctime = 0x00000000

fusion_getattr(path="/autorun.inf", statbuf=0x10eb7bb0)
    fusion_fullpath:  rootdir = "/home/xiaobingo/cs495proj5/tmp", path = "/autorun.inf", fpath = "/home/xiaobingo/cs495proj5/tmp/autorun.inf"

fusion_opendir(path="/", fi=0x03ffebf0)
    fusion_fullpath:  rootdir = "/home/xiaobingo/cs495proj5/tmp", path = "/", fpath = "/home/xiaobingo/cs495proj5/tmp/"

 ===========DFZ debug: _getattr() /autorun.inf does not exist 


 ===========DFZ debug: _getattr() dirname = /autorun.inf/. 

    flags = 0x00098800
    fh_old = 0x00000000
    writepage = 0
    direct_io = 0
    keep_cache = 0
    fh = 0x00007ff9fc000b20
    lock_owner = 0x0000000000000000

 ===========DFZ debug: _getattr() new directory /home/xiaobingo/cs495proj5/tmp/autorun.inf/ created 

    ERROR fusion_getattr lstat: No such file or directory
    st_dev = 0
    st_ino = 0
    st_mode = 00
    st_nlink = 0
    st_uid = 0
    st_gid = 0
    st_rdev = 0
    st_size = 0
    st_blksize = 0
    st_blocks = 0
    st_atime = 0x00000000
    st_mtime = 0x00000000
    st_ctime = 0x00000000

fusion_access(path="/", mask=00)
    fusion_fullpath:  rootdir = "/home/xiaobingo/cs495proj5/tmp", path = "/", fpath = "/home/xiaobingo/cs495proj5/tmp/"

fusion_access(path="/", mask=00)
    fusion_fullpath:  rootdir = "/home/xiaobingo/cs495proj5/tmp", path = "/", fpath = "/home/xiaobingo/cs495proj5/tmp/"

fusion_access(path="/", mask=02)
    fusion_fullpath:  rootdir = "/home/xiaobingo/cs495proj5/tmp", path = "/", fpath = "/home/xiaobingo/cs495proj5/tmp/"

fusion_getattr(path="/", statbuf=0x10eb7b80)
    fusion_fullpath:  rootdir = "/home/xiaobingo/cs495proj5/tmp", path = "/", fpath = "/home/xiaobingo/cs495proj5/tmp/"

 ===========DFZ debug: _getattr() zht_lookup() =  . 


 ===========DFZ debug: _getattr() /home/xiaobingo/cs495proj5/tmp/ exists in local. 

    st_dev = 2053
    st_ino = 788558
    st_mode = 040775
    st_nlink = 4
    st_uid = 1000
    st_gid = 1000
    st_rdev = 0
    st_size = 4096
    st_blksize = 4096
    st_blocks = 8
    st_atime = 0x50b298a3
    st_mtime = 0x50b298a3
    st_ctime = 0x50b298a3

fusion_readdir(path="/", buf=0xfc000990, filler=0x131e94b0, offset=0, fi=0x11eb9bf0)
    fusion_fullpath:  rootdir = "/home/xiaobingo/cs495proj5/tmp", path = "/", fpath = "/home/xiaobingo/cs495proj5/tmp/"

 ===========DFZ debug: fusion_readdir() filelist =  . 

    flags = 0x00000000
    fh_old = 0x7ff9fc000b20
    writepage = 0
    direct_io = 0
    keep_cache = 0
    fh = 0x00007ff9fc000b20
    lock_owner = 0x0000000000000000

fusion_access(path="/", mask=00)
    fusion_fullpath:  rootdir = "/home/xiaobingo/cs495proj5/tmp", path = "/", fpath = "/home/xiaobingo/cs495proj5/tmp/"

fusion_access(path="/", mask=00)
    fusion_fullpath:  rootdir = "/home/xiaobingo/cs495proj5/tmp", path = "/", fpath = "/home/xiaobingo/cs495proj5/tmp/"

fusion_access(path="/", mask=00)
    fusion_fullpath:  rootdir = "/home/xiaobingo/cs495proj5/tmp", path = "/", fpath = "/home/xiaobingo/cs495proj5/tmp/"

fusion_access(path="/", mask=00)
    fusion_fullpath:  rootdir = "/home/xiaobingo/cs495proj5/tmp", path = "/", fpath = "/home/xiaobingo/cs495proj5/tmp/"

fusion_access(path="/", mask=00)
    fusion_fullpath:  rootdir = "/home/xiaobingo/cs495proj5/tmp", path = "/", fpath = "/home/xiaobingo/cs495proj5/tmp/"

fusion_access(path="/", mask=00)
    fusion_fullpath:  rootdir = "/home/xiaobingo/cs495proj5/tmp", path = "/", fpath = "/home/xiaobingo/cs495proj5/tmp/"

fusion_releasedir(path="/", fi=0x10eb7c00)
    flags = 0x00000000
    fh_old = 0x7ff9fc000b20
    writepage = 0
    direct_io = 0
    keep_cache = 0
    fh = 0x00007ff9fc000b20
    lock_owner = 0x0000000000000000

fusion_statfs(path="/", statv=0x11eb9b60)
    fusion_fullpath:  rootdir = "/home/xiaobingo/cs495proj5/tmp", path = "/", fpath = "/home/xiaobingo/cs495proj5/tmp/"
    f_bsize = 4096
    f_frsize = 4096
    f_blocks = 144204170
    f_bfree = 142643619
    f_bavail = 135318474
    f_files = 36626432
    f_ffree = 36589740
    f_favail = 36589740
    f_fsid = -3733387987135756022
    f_flag = 0x00001000
    f_namemax = 255

fusion_access(path="/", mask=00)
    fusion_fullpath:  rootdir = "/home/xiaobingo/cs495proj5/tmp", path = "/", fpath = "/home/xiaobingo/cs495proj5/tmp/"

fusion_access(path="/", mask=00)
    fusion_fullpath:  rootdir = "/home/xiaobingo/cs495proj5/tmp", path = "/", fpath = "/home/xiaobingo/cs495proj5/tmp/"

fusion_access(path="/", mask=00)
    fusion_fullpath:  rootdir = "/home/xiaobingo/cs495proj5/tmp", path = "/", fpath = "/home/xiaobingo/cs495proj5/tmp/"

fusion_access(path="/", mask=00)
    fusion_fullpath:  rootdir = "/home/xiaobingo/cs495proj5/tmp", path = "/", fpath = "/home/xiaobingo/cs495proj5/tmp/"

fusion_access(path="/", mask=00)
    fusion_fullpath:  rootdir = "/home/xiaobingo/cs495proj5/tmp", path = "/", fpath = "/home/xiaobingo/cs495proj5/tmp/"

fusion_access(path="/", mask=00)
    fusion_fullpath:  rootdir = "/home/xiaobingo/cs495proj5/tmp", path = "/", fpath = "/home/xiaobingo/cs495proj5/tmp/"

fusion_getattr(path="/", statbuf=0x10eb7b80)
    fusion_fullpath:  rootdir = "/home/xiaobingo/cs495proj5/tmp", path = "/", fpath = "/home/xiaobingo/cs495proj5/tmp/"

 ===========DFZ debug: _getattr() zht_lookup() =  . 


 ===========DFZ debug: _getattr() /home/xiaobingo/cs495proj5/tmp/ exists in local. 

    st_dev = 2053
    st_ino = 788558
    st_mode = 040775
    st_nlink = 4
    st_uid = 1000
    st_gid = 1000
    st_rdev = 0
    st_size = 4096
    st_blksize = 4096
    st_blocks = 8
    st_atime = 0x50b298a3
    st_mtime = 0x50b298a3
    st_ctime = 0x50b298a3

fusion_access(path="/", mask=04)
    fusion_fullpath:  rootdir = "/home/xiaobingo/cs495proj5/tmp", path = "/", fpath = "/home/xiaobingo/cs495proj5/tmp/"

fusion_access(path="/", mask=02)
    fusion_fullpath:  rootdir = "/home/xiaobingo/cs495proj5/tmp", path = "/", fpath = "/home/xiaobingo/cs495proj5/tmp/"

fusion_access(path="/", mask=01)
    fusion_fullpath:  rootdir = "/home/xiaobingo/cs495proj5/tmp", path = "/", fpath = "/home/xiaobingo/cs495proj5/tmp/"

fusion_access(path="/", mask=00)
    fusion_fullpath:  rootdir = "/home/xiaobingo/cs495proj5/tmp", path = "/", fpath = "/home/xiaobingo/cs495proj5/tmp/"

fusion_access(path="/", mask=00)
    fusion_fullpath:  rootdir = "/home/xiaobingo/cs495proj5/tmp", path = "/", fpath = "/home/xiaobingo/cs495proj5/tmp/"

fusion_access(path="/", mask=00)
    fusion_fullpath:  rootdir = "/home/xiaobingo/cs495proj5/tmp", path = "/", fpath = "/home/xiaobingo/cs495proj5/tmp/"

fusion_access(path="/", mask=00)
    fusion_fullpath:  rootdir = "/home/xiaobingo/cs495proj5/tmp", path = "/", fpath = "/home/xiaobingo/cs495proj5/tmp/"

fusion_access(path="/", mask=00)
    fusion_fullpath:  rootdir = "/home/xiaobingo/cs495proj5/tmp", path = "/", fpath = "/home/xiaobingo/cs495proj5/tmp/"

fusion_access(path="/", mask=00)
    fusion_fullpath:  rootdir = "/home/xiaobingo/cs495proj5/tmp", path = "/", fpath = "/home/xiaobingo/cs495proj5/tmp/"

fusion_access(path="/", mask=00)
    fusion_fullpath:  rootdir = "/home/xiaobingo/cs495proj5/tmp", path = "/", fpath = "/home/xiaobingo/cs495proj5/tmp/"

fusion_access(path="/", mask=00)
    fusion_fullpath:  rootdir = "/home/xiaobingo/cs495proj5/tmp", path = "/", fpath = "/home/xiaobingo/cs495proj5/tmp/"

fusion_access(path="/", mask=00)
    fusion_fullpath:  rootdir = "/home/xiaobingo/cs495proj5/tmp", path = "/", fpath = "/home/xiaobingo/cs495proj5/tmp/"

fusion_access(path="/", mask=00)
    fusion_fullpath:  rootdir = "/home/xiaobingo/cs495proj5/tmp", path = "/", fpath = "/home/xiaobingo/cs495proj5/tmp/"

fusion_access(path="/", mask=00)
    fusion_fullpath:  rootdir = "/home/xiaobingo/cs495proj5/tmp", path = "/", fpath = "/home/xiaobingo/cs495proj5/tmp/"

fusion_access(path="/", mask=00)
    fusion_fullpath:  rootdir = "/home/xiaobingo/cs495proj5/tmp", path = "/", fpath = "/home/xiaobingo/cs495proj5/tmp/"

fusion_access(path="/", mask=00)
    fusion_fullpath:  rootdir = "/home/xiaobingo/cs495proj5/tmp", path = "/", fpath = "/home/xiaobingo/cs495proj5/tmp/"

fusion_access(path="/", mask=00)
    fusion_fullpath:  rootdir = "/home/xiaobingo/cs495proj5/tmp", path = "/", fpath = "/home/xiaobingo/cs495proj5/tmp/"

fusion_access(path="/", mask=00)
    fusion_fullpath:  rootdir = "/home/xiaobingo/cs495proj5/tmp", path = "/", fpath = "/home/xiaobingo/cs495proj5/tmp/"

fusion_access(path="/", mask=00)
    fusion_fullpath:  rootdir = "/home/xiaobingo/cs495proj5/tmp", path = "/", fpath = "/home/xiaobingo/cs495proj5/tmp/"

fusion_access(path="/", mask=00)
    fusion_fullpath:  rootdir = "/home/xiaobingo/cs495proj5/tmp", path = "/", fpath = "/home/xiaobingo/cs495proj5/tmp/"

fusion_access(path="/", mask=00)
    fusion_fullpath:  rootdir = "/home/xiaobingo/cs495proj5/tmp", path = "/", fpath = "/home/xiaobingo/cs495proj5/tmp/"

fusion_getattr(path="/", statbuf=0x116b8b80)
    fusion_fullpath:  rootdir = "/home/xiaobingo/cs495proj5/tmp", path = "/", fpath = "/home/xiaobingo/cs495proj5/tmp/"

 ===========DFZ debug: _getattr() zht_lookup() =  . 


 ===========DFZ debug: _getattr() /home/xiaobingo/cs495proj5/tmp/ exists in local. 

    st_dev = 2053
    st_ino = 788558
    st_mode = 040775
    st_nlink = 4
    st_uid = 1000
    st_gid = 1000
    st_rdev = 0
    st_size = 4096
    st_blksize = 4096
    st_blocks = 8
    st_atime = 0x50b298a3
    st_mtime = 0x50b298a3
    st_ctime = 0x50b298a3

fusion_access(path="/", mask=00)
    fusion_fullpath:  rootdir = "/home/xiaobingo/cs495proj5/tmp", path = "/", fpath = "/home/xiaobingo/cs495proj5/tmp/"

fusion_getattr(path="/.hidden", statbuf=0x10eb7bb0)
    fusion_fullpath:  rootdir = "/home/xiaobingo/cs495proj5/tmp", path = "/.hidden", fpath = "/home/xiaobingo/cs495proj5/tmp/.hidden"

 ===========DFZ debug: _getattr() /.hidden does not exist 


 ===========DFZ debug: _getattr() dirname = /.hidden/. 


 ===========DFZ debug: _getattr() new directory /home/xiaobingo/cs495proj5/tmp/.hidden/ created 

    ERROR fusion_getattr lstat: No such file or directory
    st_dev = 0
    st_ino = 0
    st_mode = 00
    st_nlink = 0
    st_uid = 0
    st_gid = 0
    st_rdev = 0
    st_size = 0
    st_blksize = 0
    st_blocks = 0
    st_atime = 0x00000000
    st_mtime = 0x00000000
    st_ctime = 0x00000000

fusion_opendir(path="/", fi=0x11eb9bf0)
    fusion_fullpath:  rootdir = "/home/xiaobingo/cs495proj5/tmp", path = "/", fpath = "/home/xiaobingo/cs495proj5/tmp/"
    flags = 0x00098800
    fh_old = 0x00000000
    writepage = 0
    direct_io = 0
    keep_cache = 0
    fh = 0x00007ffa0c000e50
    lock_owner = 0x0000000000000000

fusion_access(path="/", mask=02)
    fusion_fullpath:  rootdir = "/home/xiaobingo/cs495proj5/tmp", path = "/", fpath = "/home/xiaobingo/cs495proj5/tmp/"

fusion_getattr(path="/.Trash", statbuf=0x03ffebb0)
    fusion_fullpath:  rootdir = "/home/xiaobingo/cs495proj5/tmp", path = "/.Trash", fpath = "/home/xiaobingo/cs495proj5/tmp/.Trash"

 ===========DFZ debug: _getattr() /.Trash does not exist 


 ===========DFZ debug: _getattr() dirname = /.Trash/. 


 ===========DFZ debug: _getattr() new directory /home/xiaobingo/cs495proj5/tmp/.Trash/ created 

    st_dev = 2053
    st_ino = 787670
    st_mode = 040755
    st_nlink = 2
    st_uid = 1000
    st_gid = 1000
    st_rdev = 0
    st_size = 4096
    st_blksize = 4096
    st_blocks = 8
    st_atime = 0x50aeafd4
    st_mtime = 0x50aeafd4
    st_ctime = 0x50aeafd4

fusion_getattr(path="/.Trash-1000", statbuf=0x10eb7bb0)
    fusion_fullpath:  rootdir = "/home/xiaobingo/cs495proj5/tmp", path = "/.Trash-1000", fpath = "/home/xiaobingo/cs495proj5/tmp/.Trash-1000"

 ===========DFZ debug: _getattr() /.Trash-1000 does not exist 


 ===========DFZ debug: _getattr() dirname = /.Trash-1000/. 


 ===========DFZ debug: _getattr() new directory /home/xiaobingo/cs495proj5/tmp/.Trash-1000/ created 

    st_dev = 2053
    st_ino = 788494
    st_mode = 040700
    st_nlink = 3
    st_uid = 1000
    st_gid = 1000
    st_rdev = 0
    st_size = 4096
    st_blksize = 4096
    st_blocks = 8
    st_atime = 0x50aeba9a
    st_mtime = 0x50aeba9a
    st_ctime = 0x50aeba9a

fusion_readdir(path="/", buf=0x0c000cc0, filler=0x131e94b0, offset=0, fi=0x11eb9bf0)
    fusion_fullpath:  rootdir = "/home/xiaobingo/cs495proj5/tmp", path = "/", fpath = "/home/xiaobingo/cs495proj5/tmp/"

 ===========DFZ debug: fusion_readdir() filelist =  . 

    flags = 0x00000000
    fh_old = 0x7ffa0c000e50
    writepage = 0
    direct_io = 0
    keep_cache = 0
    fh = 0x00007ffa0c000e50
    lock_owner = 0x0000000000000000

fusion_access(path="/", mask=00)
    fusion_fullpath:  rootdir = "/home/xiaobingo/cs495proj5/tmp", path = "/", fpath = "/home/xiaobingo/cs495proj5/tmp/"

fusion_access(path="/", mask=00)
    fusion_fullpath:  rootdir = "/home/xiaobingo/cs495proj5/tmp", path = "/", fpath = "/home/xiaobingo/cs495proj5/tmp/"

fusion_access(path="/", mask=00)
    fusion_fullpath:  rootdir = "/home/xiaobingo/cs495proj5/tmp", path = "/", fpath = "/home/xiaobingo/cs495proj5/tmp/"

fusion_access(path="/", mask=00)
    fusion_fullpath:  rootdir = "/home/xiaobingo/cs495proj5/tmp", path = "/", fpath = "/home/xiaobingo/cs495proj5/tmp/"

fusion_access(path="/", mask=00)
    fusion_fullpath:  rootdir = "/home/xiaobingo/cs495proj5/tmp", path = "/", fpath = "/home/xiaobingo/cs495proj5/tmp/"

fusion_access(path="/", mask=00)
    fusion_fullpath:  rootdir = "/home/xiaobingo/cs495proj5/tmp", path = "/", fpath = "/home/xiaobingo/cs495proj5/tmp/"

fusion_releasedir(path="/", fi=0x10eb7c00)
    flags = 0x00000000
    fh_old = 0x7ffa0c000e50
    writepage = 0
    direct_io = 0
    keep_cache = 0
    fh = 0x00007ffa0c000e50
    lock_owner = 0x0000000000000000

fusion_statfs(path="/", statv=0x11eb9b60)
    fusion_fullpath:  rootdir = "/home/xiaobingo/cs495proj5/tmp", path = "/", fpath = "/home/xiaobingo/cs495proj5/tmp/"
    f_bsize = 4096
    f_frsize = 4096
    f_blocks = 144204170
    f_bfree = 142643617
    f_bavail = 135318472
    f_files = 36626432
    f_ffree = 36589740
    f_favail = 36589740
    f_fsid = -3733387987135756022
    f_flag = 0x00001000
    f_namemax = 255

fusion_access(path="/", mask=00)
    fusion_fullpath:  rootdir = "/home/xiaobingo/cs495proj5/tmp", path = "/", fpath = "/home/xiaobingo/cs495proj5/tmp/"

fusion_access(path="/", mask=00)
    fusion_fullpath:  rootdir = "/home/xiaobingo/cs495proj5/tmp", path = "/", fpath = "/home/xiaobingo/cs495proj5/tmp/"

fusion_access(path="/", mask=00)
    fusion_fullpath:  rootdir = "/home/xiaobingo/cs495proj5/tmp", path = "/", fpath = "/home/xiaobingo/cs495proj5/tmp/"

fusion_access(path="/", mask=00)
    fusion_fullpath:  rootdir = "/home/xiaobingo/cs495proj5/tmp", path = "/", fpath = "/home/xiaobingo/cs495proj5/tmp/"

fusion_access(path="/", mask=00)
    fusion_fullpath:  rootdir = "/home/xiaobingo/cs495proj5/tmp", path = "/", fpath = "/home/xiaobingo/cs495proj5/tmp/"

fusion_access(path="/", mask=00)
    fusion_fullpath:  rootdir = "/home/xiaobingo/cs495proj5/tmp", path = "/", fpath = "/home/xiaobingo/cs495proj5/tmp/"

fusion_getattr(path="/", statbuf=0x10eb7b80)
    fusion_fullpath:  rootdir = "/home/xiaobingo/cs495proj5/tmp", path = "/", fpath = "/home/xiaobingo/cs495proj5/tmp/"

 ===========DFZ debug: _getattr() zht_lookup() =  . 


 ===========DFZ debug: _getattr() /home/xiaobingo/cs495proj5/tmp/ exists in local. 

    st_dev = 2053
    st_ino = 788558
    st_mode = 040775
    st_nlink = 4
    st_uid = 1000
    st_gid = 1000
    st_rdev = 0
    st_size = 4096
    st_blksize = 4096
    st_blocks = 8
    st_atime = 0x50b298a3
    st_mtime = 0x50b298a3
    st_ctime = 0x50b298a3

fusion_access(path="/", mask=04)
    fusion_fullpath:  rootdir = "/home/xiaobingo/cs495proj5/tmp", path = "/", fpath = "/home/xiaobingo/cs495proj5/tmp/"

fusion_access(path="/", mask=02)
    fusion_fullpath:  rootdir = "/home/xiaobingo/cs495proj5/tmp", path = "/", fpath = "/home/xiaobingo/cs495proj5/tmp/"

fusion_access(path="/", mask=01)
    fusion_fullpath:  rootdir = "/home/xiaobingo/cs495proj5/tmp", path = "/", fpath = "/home/xiaobingo/cs495proj5/tmp/"

fusion_getattr(path="/", statbuf=0x10eb7b80)
    fusion_fullpath:  rootdir = "/home/xiaobingo/cs495proj5/tmp", path = "/", fpath = "/home/xiaobingo/cs495proj5/tmp/"

 ===========DFZ debug: _getattr() zht_lookup() =  . 


 ===========DFZ debug: _getattr() /home/xiaobingo/cs495proj5/tmp/ exists in local. 

    st_dev = 2053
    st_ino = 788558
    st_mode = 040775
    st_nlink = 4
    st_uid = 1000
    st_gid = 1000
    st_rdev = 0
    st_size = 4096
    st_blksize = 4096
    st_blocks = 8
    st_atime = 0x50b298a3
    st_mtime = 0x50b298a3
    st_ctime = 0x50b298a3

fusion_access(path="/", mask=00)
    fusion_fullpath:  rootdir = "/home/xiaobingo/cs495proj5/tmp", path = "/", fpath = "/home/xiaobingo/cs495proj5/tmp/"

fusion_getattr(path="/.hidden", statbuf=0x116b8bb0)
    fusion_fullpath:  rootdir = "/home/xiaobingo/cs495proj5/tmp", path = "/.hidden", fpath = "/home/xiaobingo/cs495proj5/tmp/.hidden"

 ===========DFZ debug: _getattr() /.hidden does not exist 


 ===========DFZ debug: _getattr() dirname = /.hidden/. 


 ===========DFZ debug: _getattr() new directory /home/xiaobingo/cs495proj5/tmp/.hidden/ created 

    ERROR fusion_getattr lstat: No such file or directory
    st_dev = 0
    st_ino = 0
    st_mode = 00
    st_nlink = 0
    st_uid = 0
    st_gid = 0
    st_rdev = 0
    st_size = 0
    st_blksize = 0
    st_blocks = 0
    st_atime = 0x00000000
    st_mtime = 0x00000000
    st_ctime = 0x00000000

fusion_opendir(path="/", fi=0x03ffebf0)
    fusion_fullpath:  rootdir = "/home/xiaobingo/cs495proj5/tmp", path = "/", fpath = "/home/xiaobingo/cs495proj5/tmp/"
    flags = 0x00098800
    fh_old = 0x00000000
    writepage = 0
    direct_io = 0
    keep_cache = 0
    fh = 0x00007ff9fc000e10
    lock_owner = 0x0000000000000000

fusion_access(path="/", mask=02)
    fusion_fullpath:  rootdir = "/home/xiaobingo/cs495proj5/tmp", path = "/", fpath = "/home/xiaobingo/cs495proj5/tmp/"

fusion_getattr(path="/.Trash", statbuf=0x11eb9bb0)
    fusion_fullpath:  rootdir = "/home/xiaobingo/cs495proj5/tmp", path = "/.Trash", fpath = "/home/xiaobingo/cs495proj5/tmp/.Trash"

 ===========DFZ debug: _getattr() /.Trash does not exist 


 ===========DFZ debug: _getattr() dirname = /.Trash/. 


 ===========DFZ debug: _getattr() new directory /home/xiaobingo/cs495proj5/tmp/.Trash/ created 

    st_dev = 2053
    st_ino = 787670
    st_mode = 040755
    st_nlink = 2
    st_uid = 1000
    st_gid = 1000
    st_rdev = 0
    st_size = 4096
    st_blksize = 4096
    st_blocks = 8
    st_atime = 0x50aeafd4
    st_mtime = 0x50aeafd4
    st_ctime = 0x50aeafd4

fusion_getattr(path="/.Trash-1000", statbuf=0x116b8bb0)
    fusion_fullpath:  rootdir = "/home/xiaobingo/cs495proj5/tmp", path = "/.Trash-1000", fpath = "/home/xiaobingo/cs495proj5/tmp/.Trash-1000"

 ===========DFZ debug: _getattr() /.Trash-1000 does not exist 


 ===========DFZ debug: _getattr() dirname = /.Trash-1000/. 


 ===========DFZ debug: _getattr() new directory /home/xiaobingo/cs495proj5/tmp/.Trash-1000/ created 

    st_dev = 2053
    st_ino = 788494
    st_mode = 040700
    st_nlink = 3
    st_uid = 1000
    st_gid = 1000
    st_rdev = 0
    st_size = 4096
    st_blksize = 4096
    st_blocks = 8
    st_atime = 0x50aeba9a
    st_mtime = 0x50aeba9a
    st_ctime = 0x50aeba9a

fusion_readdir(path="/", buf=0xfc000990, filler=0x131e94b0, offset=0, fi=0x03ffebf0)
    fusion_fullpath:  rootdir = "/home/xiaobingo/cs495proj5/tmp", path = "/", fpath = "/home/xiaobingo/cs495proj5/tmp/"

 ===========DFZ debug: fusion_readdir() filelist =  . 

    flags = 0x00000000
    fh_old = 0x7ff9fc000e10
    writepage = 0
    direct_io = 0
    keep_cache = 0
    fh = 0x00007ff9fc000e10
    lock_owner = 0x0000000000000000

fusion_access(path="/", mask=00)
    fusion_fullpath:  rootdir = "/home/xiaobingo/cs495proj5/tmp", path = "/", fpath = "/home/xiaobingo/cs495proj5/tmp/"

fusion_access(path="/", mask=00)
    fusion_fullpath:  rootdir = "/home/xiaobingo/cs495proj5/tmp", path = "/", fpath = "/home/xiaobingo/cs495proj5/tmp/"

fusion_access(path="/", mask=00)
    fusion_fullpath:  rootdir = "/home/xiaobingo/cs495proj5/tmp", path = "/", fpath = "/home/xiaobingo/cs495proj5/tmp/"

fusion_access(path="/", mask=00)
    fusion_fullpath:  rootdir = "/home/xiaobingo/cs495proj5/tmp", path = "/", fpath = "/home/xiaobingo/cs495proj5/tmp/"

fusion_access(path="/", mask=00)
    fusion_fullpath:  rootdir = "/home/xiaobingo/cs495proj5/tmp", path = "/", fpath = "/home/xiaobingo/cs495proj5/tmp/"

fusion_access(path="/", mask=00)
    fusion_fullpath:  rootdir = "/home/xiaobingo/cs495proj5/tmp", path = "/", fpath = "/home/xiaobingo/cs495proj5/tmp/"

fusion_releasedir(path="/", fi=0x116b8c00)
    flags = 0x00000000
    fh_old = 0x7ff9fc000e10
    writepage = 0
    direct_io = 0
    keep_cache = 0
    fh = 0x00007ff9fc000e10
    lock_owner = 0x0000000000000000

fusion_statfs(path="/", statv=0x03ffeb60)
    fusion_fullpath:  rootdir = "/home/xiaobingo/cs495proj5/tmp", path = "/", fpath = "/home/xiaobingo/cs495proj5/tmp/"
    f_bsize = 4096
    f_frsize = 4096
    f_blocks = 144204170
    f_bfree = 142643615
    f_bavail = 135318470
    f_files = 36626432
    f_ffree = 36589740
    f_favail = 36589740
    f_fsid = -3733387987135756022
    f_flag = 0x00001000
    f_namemax = 255

fusion_access(path="/", mask=00)
    fusion_fullpath:  rootdir = "/home/xiaobingo/cs495proj5/tmp", path = "/", fpath = "/home/xiaobingo/cs495proj5/tmp/"

fusion_access(path="/", mask=00)
    fusion_fullpath:  rootdir = "/home/xiaobingo/cs495proj5/tmp", path = "/", fpath = "/home/xiaobingo/cs495proj5/tmp/"

fusion_access(path="/", mask=00)
    fusion_fullpath:  rootdir = "/home/xiaobingo/cs495proj5/tmp", path = "/", fpath = "/home/xiaobingo/cs495proj5/tmp/"

fusion_access(path="/", mask=00)
    fusion_fullpath:  rootdir = "/home/xiaobingo/cs495proj5/tmp", path = "/", fpath = "/home/xiaobingo/cs495proj5/tmp/"

fusion_access(path="/", mask=00)
    fusion_fullpath:  rootdir = "/home/xiaobingo/cs495proj5/tmp", path = "/", fpath = "/home/xiaobingo/cs495proj5/tmp/"

fusion_access(path="/", mask=00)
    fusion_fullpath:  rootdir = "/home/xiaobingo/cs495proj5/tmp", path = "/", fpath = "/home/xiaobingo/cs495proj5/tmp/"

fusion_statfs(path="/", statv=0x116b8b60)
    fusion_fullpath:  rootdir = "/home/xiaobingo/cs495proj5/tmp", path = "/", fpath = "/home/xiaobingo/cs495proj5/tmp/"
    f_bsize = 4096
    f_frsize = 4096
    f_blocks = 144204170
    f_bfree = 142643615
    f_bavail = 135318470
    f_files = 36626432
    f_ffree = 36589740
    f_favail = 36589740
    f_fsid = -3733387987135756022
    f_flag = 0x00001000
    f_namemax = 255

fusion_getattr(path="/", statbuf=0x03ffeb80)
    fusion_fullpath:  rootdir = "/home/xiaobingo/cs495proj5/tmp", path = "/", fpath = "/home/xiaobingo/cs495proj5/tmp/"

 ===========DFZ debug: _getattr() zht_lookup() =  . 


 ===========DFZ debug: _getattr() /home/xiaobingo/cs495proj5/tmp/ exists in local. 

    st_dev = 2053
    st_ino = 788558
    st_mode = 040775
    st_nlink = 4
    st_uid = 1000
    st_gid = 1000
    st_rdev = 0
    st_size = 4096
    st_blksize = 4096
    st_blocks = 8
    st_atime = 0x50b298a3
    st_mtime = 0x50b298a3
    st_ctime = 0x50b298a3

fusion_statfs(path="/", statv=0x10eb7b60)
    fusion_fullpath:  rootdir = "/home/xiaobingo/cs495proj5/tmp", path = "/", fpath = "/home/xiaobingo/cs495proj5/tmp/"
    f_bsize = 4096
    f_frsize = 4096
    f_blocks = 144204170
    f_bfree = 142643615
    f_bavail = 135318470
    f_files = 36626432
    f_ffree = 36589740
    f_favail = 36589740
    f_fsid = -3733387987135756022
    f_flag = 0x00001000
    f_namemax = 255

fusion_getattr(path="/Untitled Document", statbuf=0x11eb9bb0)
    fusion_fullpath:  rootdir = "/home/xiaobingo/cs495proj5/tmp", path = "/Untitled Document", fpath = "/home/xiaobingo/cs495proj5/tmp/Untitled Document"

 ===========DFZ debug: _getattr() /Untitled Document does not exist 


 ===========DFZ debug: _getattr() dirname = /Untitled Document/. 


 ===========DFZ debug: _getattr() new directory /home/xiaobingo/cs495proj5/tmp/Untitled Document/ created 

    ERROR fusion_getattr lstat: No such file or directory
    st_dev = 0
    st_ino = 0
    st_mode = 00
    st_nlink = 0
    st_uid = 0
    st_gid = 0
    st_rdev = 0
    st_size = 0
    st_blksize = 0
    st_blocks = 0
    st_atime = 0x00000000
    st_mtime = 0x00000000
    st_ctime = 0x00000000

fusion_create(path="/Untitled Document", mode=0100664, fi=0x116b8cb0)
    fusion_fullpath:  rootdir = "/home/xiaobingo/cs495proj5/tmp", path = "/Untitled Document", fpath = "/home/xiaobingo/cs495proj5/tmp/Untitled Document"
    flags = 0x000080c1
    fh_old = 0x00000000
    writepage = 0
    direct_io = 0
    keep_cache = 0
    fh = 0x0000000000000007
    lock_owner = 0x0000000000000000

================DFZ debug: dirname = / 

================DFZ debug: oldval =   
DFZ debug: zht_update() - remove_res = 0. 

DFZ debug: zht_update() - insert_res = 0. 

DFZ debug: zht_update() - status = 0. 

DFZ debug: zht_update() - key = /, newval =  Untitled Document . 


================DFZ debug _create(): addr = 198.37.20.148 

fusion_fgetattr(path="/Untitled Document", statbuf=0x116b8b70, fi=0x116b8cb0)
    flags = 0x000080c1
    fh_old = 0x00000000
    writepage = 0
    direct_io = 0
    keep_cache = 0
    fh = 0x0000000000000007
    lock_owner = 0x0000000000000000
    st_dev = 2053
    st_ino = 789283
    st_mode = 0100664
    st_nlink = 1
    st_uid = 1000
    st_gid = 1000
    st_rdev = 0
    st_size = 0
    st_blksize = 4096
    st_blocks = 0
    st_atime = 0x50b298b9
    st_mtime = 0x50b298b9
    st_ctime = 0x50b298b9

fusion_flush(path="/Untitled Document", fi=0x03ffecb0)
    flags = 0x00000000
    fh_old = 0x00000007
    writepage = 0
    direct_io = 0
    keep_cache = 0
    fh = 0x0000000000000007
    lock_owner = 0x397624d7177b15d7
    fusion_fullpath:  rootdir = "/home/xiaobingo/cs495proj5/tmp", path = "/Untitled Document", fpath = "/home/xiaobingo/cs495proj5/tmp/Untitled Document"

fusion_release(path="/Untitled Document", fi=0x10eb7cb0)
    flags = 0x00008001
    fh_old = 0x00000007
    writepage = 0
    direct_io = 0
    keep_cache = 0
    fh = 0x0000000000000007
    lock_owner = 0x0000000000000000

fusion_getattr(path="/", statbuf=0x11eb9b80)
    fusion_fullpath:  rootdir = "/home/xiaobingo/cs495proj5/tmp", path = "/", fpath = "/home/xiaobingo/cs495proj5/tmp/"

fusion_open(path"/Untitled Document", fi=0x116b8cb0)
    fusion_fullpath:  rootdir = "/home/xiaobingo/cs495proj5/tmp", path = "/Untitled Document", fpath = "/home/xiaobingo/cs495proj5/tmp/Untitled Document"
    flags = 0x00048000
    fh_old = 0x00000000
    writepage = 0
    direct_io = 0
    keep_cache = 0
    fh = 0x0000000000000007
    lock_owner = 0x0000000000000000

fusion_read(path="/Untitled Document", buf=0xfc000af0, size=4096, offset=0, fi=0x03ffecb0)
    flags = 0x00048000
    fh_old = 0x00000007
    writepage = 0
    direct_io = 0
    keep_cache = 0
    fh = 0x0000000000000007
    lock_owner = 0x0000000000000000

fusion_flush(path="/Untitled Document", fi=0x10eb7cb0)
    flags = 0x00000000
    fh_old = 0x00000007
    writepage = 0
    direct_io = 0
    keep_cache = 0
    fh = 0x0000000000000007
    lock_owner = 0x397624d7177b15d7

 ===========DFZ debug: _getattr() zht_lookup() =  Untitled Document . 

    fusion_fullpath:  rootdir = "/home/xiaobingo/cs495proj5/tmp", path = "/Untitled Document", fpath = "/home/xiaobingo/cs495proj5/tmp/Untitled Document"

fusion_release(path="/Untitled Document", fi=0x116b8cb0)
    flags = 0x00048000
    fh_old = 0x00000007
    writepage = 0
    direct_io = 0
    keep_cache = 0
    fh = 0x0000000000000007
    lock_owner = 0x0000000000000000

 ===========DFZ debug: _getattr() /home/xiaobingo/cs495proj5/tmp/ exists in local. 

    st_dev = 2053
    st_ino = 788558
    st_mode = 040775
    st_nlink = 4
    st_uid = 1000
    st_gid = 1000
    st_rdev = 0
    st_size = 4096
    st_blksize = 4096
    st_blocks = 8
    st_atime = 0x50b298a3
    st_mtime = 0x50b298b9
    st_ctime = 0x50b298b9

fusion_access(path="/", mask=02)
    fusion_fullpath:  rootdir = "/home/xiaobingo/cs495proj5/tmp", path = "/", fpath = "/home/xiaobingo/cs495proj5/tmp/"

fusion_getattr(path="/.Trash", statbuf=0x10eb7bb0)
    fusion_fullpath:  rootdir = "/home/xiaobingo/cs495proj5/tmp", path = "/.Trash", fpath = "/home/xiaobingo/cs495proj5/tmp/.Trash"

fusion_getattr(path="/Untitled Document", statbuf=0x11eb9b80)
    fusion_fullpath:  rootdir = "/home/xiaobingo/cs495proj5/tmp", path = "/Untitled Document", fpath = "/home/xiaobingo/cs495proj5/tmp/Untitled Document"

 ===========DFZ debug: _getattr() /.Trash does not exist 


 ===========DFZ debug: _getattr() dirname = /.Trash/. 


fusion_getattr(path="/Untitled Document", statbuf=0x116b8b80)
    fusion_fullpath:  rootdir = "/home/xiaobingo/cs495proj5/tmp", path = "/Untitled Document", fpath = "/home/xiaobingo/cs495proj5/tmp/Untitled Document"

fusion_getattr(path="/Untitled Document", statbuf=0x03ffeb80)
    fusion_fullpath:  rootdir = "/home/xiaobingo/cs495proj5/tmp", path = "/Untitled Document", fpath = "/home/xiaobingo/cs495proj5/tmp/Untitled Document"

 ===========DFZ debug: _getattr() zht_lookup() = 198.37.20.148. 


 ===========DFZ debug: _getattr() /home/xiaobingo/cs495proj5/tmp/Untitled Document exists in local. 

    st_dev = 2053
    st_ino = 789283
    st_mode = 0100664
    st_nlink = 1
    st_uid = 1000
    st_gid = 1000
    st_rdev = 0
    st_size = 0
    st_blksize = 4096
    st_blocks = 0
    st_atime = 0x50b298b9
    st_mtime = 0x50b298b9
    st_ctime = 0x50b298b9

 ===========DFZ debug: _getattr() zht_lookup() = 198.37.20.148. 


 ===========DFZ debug: _getattr() /Untitled Document does not exist 


 ===========DFZ debug: _getattr() /home/xiaobingo/cs495proj5/tmp/Untitled Document exists in local. 


 ===========DFZ debug: _getattr() dirname = /Untitled Document/. 

    st_dev = 2053
    st_ino = 789283
    st_mode = 0100664
    st_nlink = 1
    st_uid = 1000
    st_gid = 1000
    st_rdev = 0
    st_size = 0
    st_blksize = 4096
    st_blocks = 0
    st_atime = 0x50b298b9
    st_mtime = 0x50b298b9
    st_ctime = 0x50b298b9

 ===========DFZ debug: _getattr() new directory /home/xiaobingo/cs495proj5/tmp/.Trash/ created 

    st_dev = 2053
    st_ino = 787670
    st_mode = 040755
    st_nlink = 2
    st_uid = 1000
    st_gid = 1000
    st_rdev = 0
    st_size = 4096
    st_blksize = 4096
    st_blocks = 8
    st_atime = 0x50aeafd4
    st_mtime = 0x50aeafd4
    st_ctime = 0x50aeafd4

fusion_access(path="/", mask=02)
    fusion_fullpath:  rootdir = "/home/xiaobingo/cs495proj5/tmp", path = "/", fpath = "/home/xiaobingo/cs495proj5/tmp/"

fusion_getattr(path="/.Trash-1000", statbuf=0x116b8bb0)
    fusion_fullpath:  rootdir = "/home/xiaobingo/cs495proj5/tmp", path = "/.Trash-1000", fpath = "/home/xiaobingo/cs495proj5/tmp/.Trash-1000"

 ===========DFZ debug: _getattr() new directory /home/xiaobingo/cs495proj5/tmp/Untitled Document/ created 

    st_dev = 2053
    st_ino = 789283
    st_mode = 0100664
    st_nlink = 1
    st_uid = 1000
    st_gid = 1000
    st_rdev = 0
    st_size = 0
    st_blksize = 4096
    st_blocks = 0
    st_atime = 0x50b298b9
    st_mtime = 0x50b298b9
    st_ctime = 0x50b298b9

fusion_getattr(path="/.Trash-1000", statbuf=0x03ffebb0)
    fusion_fullpath:  rootdir = "/home/xiaobingo/cs495proj5/tmp", path = "/.Trash-1000", fpath = "/home/xiaobingo/cs495proj5/tmp/.Trash-1000"

 ===========DFZ debug: _getattr() /.Trash-1000 does not exist 


 ===========DFZ debug: _getattr() dirname = /.Trash-1000/. 


 ===========DFZ debug: _getattr() /.Trash-1000 does not exist 


 ===========DFZ debug: _getattr() dirname = /.Trash-1000/. 


 ===========DFZ debug: _getattr() new directory /home/xiaobingo/cs495proj5/tmp/.Trash-1000/ created 

    st_dev = 2053

fusion_access(path="/", mask=02)
    fusion_fullpath:  rootdir = "/home/xiaobingo/cs495proj5/tmp", path = "/", fpath = "/home/xiaobingo/cs495proj5/tmp/"
    st_ino = 788494
    st_mode = 040700
    st_nlink = 3
    st_uid = 1000
    st_gid = 1000
    st_rdev = 0
    st_size = 4096
    st_blksize = 4096
    st_blocks = 8
    st_atime = 0x50aeba9a
    st_mtime = 0x50aeba9a
    st_ctime = 0x50aeba9a

fusion_access(path="/", mask=02)
    fusion_fullpath:  rootdir = "/home/xiaobingo/cs495proj5/tmp", path = "/", fpath = "/home/xiaobingo/cs495proj5/tmp/"

fusion_getattr(path="/.Trash-1000", statbuf=0x03ffebb0)
    fusion_fullpath:  rootdir = "/home/xiaobingo/cs495proj5/tmp", path = "/.Trash-1000", fpath = "/home/xiaobingo/cs495proj5/tmp/.Trash-1000"

fusion_open(path"/Untitled Document", fi=0x037fdcb0)
    fusion_fullpath:  rootdir = "/home/xiaobingo/cs495proj5/tmp", path = "/Untitled Document", fpath = "/home/xiaobingo/cs495proj5/tmp/Untitled Document"
    flags = 0x00048000
    fh_old = 0x00000000
    writepage = 0
    direct_io = 0
    keep_cache = 0
    fh = 0x0000000000000007
    lock_owner = 0x0000000000000000

 ===========DFZ debug: _getattr() new directory /home/xiaobingo/cs495proj5/tmp/.Trash-1000/ created 

    st_dev = 2053
    st_ino = 788494
    st_mode = 040700
    st_nlink = 3
    st_uid = 1000
    st_gid = 1000
    st_rdev = 0
    st_size = 4096
    st_blksize = 4096
    st_blocks = 8
    st_atime = 0x50aeba9a
    st_mtime = 0x50aeba9a
    st_ctime = 0x50aeba9a

fusion_read(path="/Untitled Document", buf=0x04000b30, size=4096, offset=0, fi=0x116b8cb0)
    flags = 0x00048000
    fh_old = 0x00000007
    writepage = 0
    direct_io = 0
    keep_cache = 0
    fh = 0x0000000000000007
    lock_owner = 0x0000000000000000

fusion_flush(path="/Untitled Document", fi=0x11eb9cb0)
    flags = 0x00000000
    fh_old = 0x00000007
    writepage = 0
    direct_io = 0
    keep_cache = 0
    fh = 0x0000000000000007
    lock_owner = 0x397624d7177b15d7

fusion_open(path"/Untitled Document", fi=0x116b8cb0)
    fusion_fullpath:  rootdir = "/home/xiaobingo/cs495proj5/tmp", path = "/Untitled Document", fpath = "/home/xiaobingo/cs495proj5/tmp/Untitled Document"
    flags = 0x00048000
    fh_old = 0x00000000
    writepage = 0
    direct_io = 0
    keep_cache = 0
    fh = 0x0000000000000008
    lock_owner = 0x0000000000000000

fusion_getattr(path="/Untitled Document", statbuf=0x10eb7b80)
    fusion_fullpath:  rootdir = "/home/xiaobingo/cs495proj5/tmp", path = "/Untitled Document", fpath = "/home/xiaobingo/cs495proj5/tmp/Untitled Document"

fusion_release(path="/Untitled Document", fi=0x116b8cb0)
    flags = 0x00048000
    fh_old = 0x00000007
    writepage = 0
    direct_io = 0
    keep_cache = 0
    fh = 0x0000000000000007
    lock_owner = 0x0000000000000000
    fusion_fullpath:  rootdir = "/home/xiaobingo/cs495proj5/tmp", path = "/Untitled Document", fpath = "/home/xiaobingo/cs495proj5/tmp/Untitled Document"

fusion_access(path="/Untitled Document", mask=04)
    fusion_fullpath:  rootdir = "/home/xiaobingo/cs495proj5/tmp", path = "/Untitled Document", fpath = "/home/xiaobingo/cs495proj5/tmp/Untitled Document"

fusion_fgetattr(path="/Untitled Document", statbuf=0x037fdb80, fi=0x037fdcb0)
    flags = 0x00000000
    fh_old = 0x00000008
    writepage = 0
    direct_io = 0
    keep_cache = 0
    fh = 0x0000000000000008
    lock_owner = 0x0000000000000000
    st_dev = 2053
    st_ino = 789283
    st_mode = 0100664
    st_nlink = 1
    st_uid = 1000
    st_gid = 1000
    st_rdev = 0
    st_size = 0
    st_blksize = 4096
    st_blocks = 0
    st_atime = 0x50b298b9
    st_mtime = 0x50b298b9
    st_ctime = 0x50b298b9

fusion_access(path="/Untitled Document", mask=02)
    fusion_fullpath:  rootdir = "/home/xiaobingo/cs495proj5/tmp", path = "/Untitled Document", fpath = "/home/xiaobingo/cs495proj5/tmp/Untitled Document"

fusion_read(path="/Untitled Document", buf=0xf8000af0, size=4096, offset=0, fi=0x02ffccb0)

 ===========DFZ debug: _getattr() zht_lookup() = 198.37.20.148. 


fusion_access(path="/Untitled Document", mask=01)
    flags = 0x00048000
    fh_old = 0x00000008
    fusion_fullpath:  rootdir = "/home/xiaobingo/cs495proj5/tmp", path = "/Untitled Document", fpath = "/home/xiaobingo/cs495proj5/tmp/Untitled Document"

 ===========DFZ debug: _getattr() /home/xiaobingo/cs495proj5/tmp/.Trash-1000 exists in local. 

    st_dev = 2053
    st_ino = 788494
    st_mode = 040700
    st_nlink = 3
    st_uid = 1000
    st_gid = 1000
    st_rdev = 0
    st_size = 4096
    st_blksize = 4096
    st_blocks = 8
    st_atime = 0x50aeba9a
    st_mtime = 0x50aeba9a
    st_ctime = 0x50aeba9a

 ===========DFZ debug: _getattr() zht_lookup() = 198.37.20.148. 


 ===========DFZ debug: _getattr() /home/xiaobingo/cs495proj5/tmp/Untitled Document exists in local. 

    st_dev = 2053
    st_ino = 789283
    st_mode = 0100664
    st_nlink = 1
    st_uid = 1000
    st_gid = 1000
    st_rdev = 0
    st_size = 0
    st_blksize = 4096
    st_blocks = 0
    st_atime = 0x50b298b9
    st_mtime = 0x50b298b9
    st_ctime = 0x50b298b9
    writepage = 0
    direct_io = 0
    keep_cache = 0
    fh = 0x0000000000000008
    lock_owner = 0x0000000000000000
    ERROR fusion_access access: Permission denied

fusion_flush(path="/Untitled Document", fi=0x03ffecb0)
    flags = 0x00000000
    fh_old = 0x00000008
    writepage = 0
    direct_io = 0
    keep_cache = 0
    fh = 0x0000000000000008
    lock_owner = 0x397624d7177b15d7

fusion_getattr(path="/Untitled Document", statbuf=0x03ffeb80)
    fusion_fullpath:  rootdir = "/home/xiaobingo/cs495proj5/tmp", path = "/Untitled Document", fpath = "/home/xiaobingo/cs495proj5/tmp/Untitled Document"

fusion_open(path"/Untitled Document", fi=0x10eb7cb0)
    fusion_fullpath:  rootdir = "/home/xiaobingo/cs495proj5/tmp", path = "/Untitled Document", fpath = "/home/xiaobingo/cs495proj5/tmp/Untitled Document"
    flags = 0x00048000
    fh_old = 0x00000000
    writepage = 0
    direct_io = 0
    keep_cache = 0
    fh = 0x0000000000000007
    lock_owner = 0x0000000000000000
    fusion_fullpath:  rootdir = "/home/xiaobingo/cs495proj5/tmp", path = "/Untitled Document", fpath = "/home/xiaobingo/cs495proj5/tmp/Untitled Document"

fusion_release(path="/Untitled Document", fi=0x10eb7cb0)
    flags = 0x00048000
    fh_old = 0x00000008
    writepage = 0
    direct_io = 0
    keep_cache = 0
    fh = 0x0000000000000008
    lock_owner = 0x0000000000000000

fusion_access(path="/Untitled Document", mask=04)
    fusion_fullpath:  rootdir = "/home/xiaobingo/cs495proj5/tmp", path = "/Untitled Document", fpath = "/home/xiaobingo/cs495proj5/tmp/Untitled Document"

fusion_access(path="/Untitled Document", mask=02)
    fusion_fullpath:  rootdir = "/home/xiaobingo/cs495proj5/tmp", path = "/Untitled Document", fpath = "/home/xiaobingo/cs495proj5/tmp/Untitled Document"

fusion_getattr(path="/Untitled Document", statbuf=0x11eb9b80)
    fusion_fullpath:  rootdir = "/home/xiaobingo/cs495proj5/tmp", path = "/Untitled Document", fpath = "/home/xiaobingo/cs495proj5/tmp/Untitled Document"

fusion_fgetattr(path="/Untitled Document", statbuf=0x116b8b80, fi=0x116b8cb0)
    flags = 0x00000000
    fh_old = 0x00000007
    writepage = 0
    direct_io = 0
    keep_cache = 0
    fh = 0x0000000000000007
    lock_owner = 0x0000000000000000
    st_dev = 2053
    st_ino = 789283
    st_mode = 0100664
    st_nlink = 1
    st_uid = 1000
    st_gid = 1000
    st_rdev = 0
    st_size = 0
    st_blksize = 4096
    st_blocks = 0
    st_atime = 0x50b298b9
    st_mtime = 0x50b298b9
    st_ctime = 0x50b298b9

fusion_access(path="/", mask=02)

 ===========DFZ debug: _getattr() zht_lookup() = 198.37.20.148. 


fusion_statfs(path="/", statv=0x116b8b60)
    fusion_fullpath:  rootdir = "/home/xiaobingo/cs495proj5/tmp", path = "/", fpath = "/home/xiaobingo/cs495proj5/tmp/"

 ===========DFZ debug: _getattr() /home/xiaobingo/cs495proj5/tmp/Untitled Document exists in local. 

    f_bsize = 4096
    fusion_fullpath:  rootdir = "/home/xiaobingo/cs495proj5/tmp", path = "/", fpath = "/home/xiaobingo/cs495proj5/tmp/"
    f_frsize = 4096
    f_blocks = 144204170
    f_bfree = 142643606
    f_bavail = 135318461
    f_files = 36626432
    f_ffree = 36589739
    f_favail = 36589739
    f_fsid = -3733387987135756022
    f_flag = 0x00001000
    f_namemax = 255
    st_dev = 2053
    st_ino = 789283
    st_mode = 0100664
    st_nlink = 1
    st_uid = 1000
    st_gid = 1000
    st_rdev = 0
    st_size = 0
    st_blksize = 4096
    st_blocks = 0
    st_atime = 0x50b298b9
    st_mtime = 0x50b298b9
    st_ctime = 0x50b298b9

fusion_read(path="/Untitled Document", buf=0xf4000c60, size=4096, offset=0, fi=0x037fdcb0)

fusion_open(path"/Untitled Document", fi=0x11eb9cb0)
    fusion_fullpath:  rootdir = "/home/xiaobingo/cs495proj5/tmp", path = "/Untitled Document", fpath = "/home/xiaobingo/cs495proj5/tmp/Untitled Document"

fusion_access(path="/Untitled Document", mask=01)
    fusion_fullpath:  rootdir = "/home/xiaobingo/cs495proj5/tmp", path = "/Untitled Document", fpath = "/home/xiaobingo/cs495proj5/tmp/Untitled Document"
    flags = 0x00048000
    fh_old = 0x00000000
    writepage = 0
    direct_io = 0
    keep_cache = 0
    fh = 0x0000000000000008
    lock_owner = 0x0000000000000000
    flags = 0x00048000
    fh_old = 0x00000007
    writepage = 0
    direct_io = 0
    keep_cache = 0
    fh = 0x0000000000000007
    lock_owner = 0x0000000000000000
    ERROR fusion_access access: Permission denied

fusion_flush(path="/Untitled Document", fi=0x02ffccb0)
    flags = 0x00000000
    fh_old = 0x00000007
    writepage = 0
    direct_io = 0

fusion_fgetattr(path="/Untitled Document", statbuf=0x11eb9b80, fi=0x11eb9cb0)
    flags = 0x00000000
    keep_cache = 0
    fh = 0x0000000000000007
    lock_owner = 0x397624d7177b15d7
    fh_old = 0x00000008
    writepage = 0
    direct_io = 0
    keep_cache = 0
    fh = 0x0000000000000008
    lock_owner = 0x0000000000000000
    st_dev = 2053
    st_ino = 789283
    st_mode = 0100664
    st_nlink = 1
    st_uid = 1000
    st_gid = 1000
    st_rdev = 0
    st_size = 0
    st_blksize = 4096
    st_blocks = 0
    st_atime = 0x50b298b9
    st_mtime = 0x50b298b9
    st_ctime = 0x50b298b9
    fusion_fullpath:  rootdir = "/home/xiaobingo/cs495proj5/tmp", path = "/Untitled Document", fpath = "/home/xiaobingo/cs495proj5/tmp/Untitled Document"

fusion_release(path="/Untitled Document", fi=0x037fdcb0)
    flags = 0x00048000
    fh_old = 0x00000007
    writepage = 0
    direct_io = 0
    keep_cache = 0

fusion_access(path="/Untitled Document", mask=04)
    fusion_fullpath:  rootdir = "/home/xiaobingo/cs495proj5/tmp", path = "/Untitled Document", fpath = "/home/xiaobingo/cs495proj5/tmp/Untitled Document"

fusion_read(path="/Untitled Document", buf=0x04001a40, size=4096, offset=0, fi=0x116b8cb0)
    flags = 0x00048000
    fh_old = 0x00000008
    writepage = 0
    direct_io = 0

fusion_access(path="/Untitled Document", mask=02)
    fusion_fullpath:  rootdir = "/home/xiaobingo/cs495proj5/tmp", path = "/Untitled Document", fpath = "/home/xiaobingo/cs495proj5/tmp/Untitled Document"
    fh = 0x0000000000000007
    lock_owner = 0x0000000000000000
    keep_cache = 0
    fh = 0x0000000000000008
    lock_owner = 0x0000000000000000

fusion_access(path="/Untitled Document", mask=01)
    fusion_fullpath:  rootdir = "/home/xiaobingo/cs495proj5/tmp", path = "/Untitled Document", fpath = "/home/xiaobingo/cs495proj5/tmp/Untitled Document"

fusion_flush(path="/Untitled Document", fi=0x11eb9cb0)
    flags = 0x00000000
    fh_old = 0x00000008
    writepage = 0
    ERROR fusion_access access: Permission denied
    direct_io = 0
    keep_cache = 0
    fh = 0x0000000000000008
    lock_owner = 0x397624d7177b15d7
    fusion_fullpath:  rootdir = "/home/xiaobingo/cs495proj5/tmp", path = "/Untitled Document", fpath = "/home/xiaobingo/cs495proj5/tmp/Untitled Document"

fusion_release(path="/Untitled Document", fi=0x116b8cb0)
    flags = 0x00048000
    fh_old = 0x00000008
    writepage = 0
    direct_io = 0
    keep_cache = 0
    fh = 0x0000000000000008
    lock_owner = 0x0000000000000000

fusion_access(path="/Untitled Document", mask=04)
    fusion_fullpath:  rootdir = "/home/xiaobingo/cs495proj5/tmp", path = "/Untitled Document", fpath = "/home/xiaobingo/cs495proj5/tmp/Untitled Document"

fusion_access(path="/Untitled Document", mask=02)
    fusion_fullpath:  rootdir = "/home/xiaobingo/cs495proj5/tmp", path = "/Untitled Document", fpath = "/home/xiaobingo/cs495proj5/tmp/Untitled Document"

fusion_getattr(path="/Untitled Document", statbuf=0x037fdb80)
    fusion_fullpath:  rootdir = "/home/xiaobingo/cs495proj5/tmp", path = "/Untitled Document", fpath = "/home/xiaobingo/cs495proj5/tmp/Untitled Document"

 ===========DFZ debug: _getattr() zht_lookup() = 198.37.20.148. 


 ===========DFZ debug: _getattr() /home/xiaobingo/cs495proj5/tmp/Untitled Document exists in local. 

    st_dev = 2053
    st_ino = 789283
    st_mode = 0100664
    st_nlink = 1
    st_uid = 1000
    st_gid = 1000
    st_rdev = 0
    st_size = 0
    st_blksize = 4096
    st_blocks = 0
    st_atime = 0x50b298b9
    st_mtime = 0x50b298b9
    st_ctime = 0x50b298b9

fusion_open(path"/Untitled Document", fi=0x10eb7cb0)
    fusion_fullpath:  rootdir = "/home/xiaobingo/cs495proj5/tmp", path = "/Untitled Document", fpath = "/home/xiaobingo/cs495proj5/tmp/Untitled Document"
    flags = 0x00048000
    fh_old = 0x00000000
    writepage = 0
    direct_io = 0
    keep_cache = 0
    fh = 0x0000000000000007
    lock_owner = 0x0000000000000000

fusion_fgetattr(path="/Untitled Document", statbuf=0x02ffcb80, fi=0x02ffccb0)
    flags = 0x00000000
    fh_old = 0x00000007
    writepage = 0
    direct_io = 0
    keep_cache = 0
    fh = 0x0000000000000007
    lock_owner = 0x0000000000000000
    st_dev = 2053
    st_ino = 789283
    st_mode = 0100664
    st_nlink = 1
    st_uid = 1000
    st_gid = 1000
    st_rdev = 0
    st_size = 0
    st_blksize = 4096
    st_blocks = 0
    st_atime = 0x50b298b9
    st_mtime = 0x50b298b9
    st_ctime = 0x50b298b9

fusion_read(path="/Untitled Document", buf=0x0c000dd0, size=4096, offset=0, fi=0x11eb9cb0)
    flags = 0x00048000
    fh_old = 0x00000007
    writepage = 0
    direct_io = 0
    keep_cache = 0
    fh = 0x0000000000000007
    lock_owner = 0x0000000000000000

fusion_flush(path="/Untitled Document", fi=0x03ffecb0)
    flags = 0x00000000
    fh_old = 0x00000007
    writepage = 0
    direct_io = 0
    keep_cache = 0
    fh = 0x0000000000000007
    lock_owner = 0x397624d7177b15d7
    fusion_fullpath:  rootdir = "/home/xiaobingo/cs495proj5/tmp", path = "/Untitled Document", fpath = "/home/xiaobingo/cs495proj5/tmp/Untitled Document"

fusion_release(path="/Untitled Document", fi=0x10eb7cb0)
    flags = 0x00048000
    fh_old = 0x00000007
    writepage = 0
    direct_io = 0
    keep_cache = 0
    fh = 0x0000000000000007
    lock_owner = 0x0000000000000000

fusion_access(path="/Untitled Document", mask=04)
    fusion_fullpath:  rootdir = "/home/xiaobingo/cs495proj5/tmp", path = "/Untitled Document", fpath = "/home/xiaobingo/cs495proj5/tmp/Untitled Document"

fusion_access(path="/Untitled Document", mask=02)
    fusion_fullpath:  rootdir = "/home/xiaobingo/cs495proj5/tmp", path = "/Untitled Document", fpath = "/home/xiaobingo/cs495proj5/tmp/Untitled Document"

fusion_getattr(path="/Untitled Document", statbuf=0x03ffeb80)
    fusion_fullpath:  rootdir = "/home/xiaobingo/cs495proj5/tmp", path = "/Untitled Document", fpath = "/home/xiaobingo/cs495proj5/tmp/Untitled Document"

 ===========DFZ debug: _getattr() zht_lookup() = 198.37.20.148. 


 ===========DFZ debug: _getattr() /home/xiaobingo/cs495proj5/tmp/Untitled Document exists in local. 

    st_dev = 2053
    st_ino = 789283
    st_mode = 0100664
    st_nlink = 1
    st_uid = 1000
    st_gid = 1000
    st_rdev = 0
    st_size = 0
    st_blksize = 4096
    st_blocks = 0
    st_atime = 0x50b298b9
    st_mtime = 0x50b298b9
    st_ctime = 0x50b298b9

fusion_access(path="/Untitled Document", mask=01)
    fusion_fullpath:  rootdir = "/home/xiaobingo/cs495proj5/tmp", path = "/Untitled Document", fpath = "/home/xiaobingo/cs495proj5/tmp/Untitled Document"
    ERROR fusion_access access: Permission denied

fusion_access(path="/", mask=00)
    fusion_fullpath:  rootdir = "/home/xiaobingo/cs495proj5/tmp", path = "/", fpath = "/home/xiaobingo/cs495proj5/tmp/"

fusion_access(path="/", mask=00)
    fusion_fullpath:  rootdir = "/home/xiaobingo/cs495proj5/tmp", path = "/", fpath = "/home/xiaobingo/cs495proj5/tmp/"

fusion_access(path="/", mask=00)
    fusion_fullpath:  rootdir = "/home/xiaobingo/cs495proj5/tmp", path = "/", fpath = "/home/xiaobingo/cs495proj5/tmp/"

fusion_access(path="/", mask=00)
    fusion_fullpath:  rootdir = "/home/xiaobingo/cs495proj5/tmp", path = "/", fpath = "/home/xiaobingo/cs495proj5/tmp/"

fusion_access(path="/", mask=00)
    fusion_fullpath:  rootdir = "/home/xiaobingo/cs495proj5/tmp", path = "/", fpath = "/home/xiaobingo/cs495proj5/tmp/"

fusion_access(path="/", mask=00)
    fusion_fullpath:  rootdir = "/home/xiaobingo/cs495proj5/tmp", path = "/", fpath = "/home/xiaobingo/cs495proj5/tmp/"

fusion_getattr(path="/Untitled Document", statbuf=0x10eb7b80)
    fusion_fullpath:  rootdir = "/home/xiaobingo/cs495proj5/tmp", path = "/Untitled Document", fpath = "/home/xiaobingo/cs495proj5/tmp/Untitled Document"
